#
# There is insufficient memory for the Java Runtime Environment to continue.
# Native memory allocation (mmap) failed to map 95944704 bytes for committing reserved memory.
# Possible reasons:
#   The system is out of physical RAM or swap space
#   In 32 bit mode, the process size limit was hit
# Possible solutions:
#   Reduce memory load on the system
#   Increase physical memory or swap space
#   Check if swap backing store is full
#   Use 64 bit Java on a 64 bit OS
#   Decrease Java heap size (-Xmx/-Xms)
#   Decrease number of Java threads
#   Decrease Java thread stack sizes (-Xss)
#   Set larger code cache with -XX:ReservedCodeCacheSize=
# This output file may be truncated or incomplete.
#
#  Out of Memory Error (os_linux.cpp:2643), pid=17728, tid=0x00007f7d969f1700
#
# JRE version: OpenJDK Runtime Environment (8.0_131-b11) (build 1.8.0_131-8u131-b11-2ubuntu1.17.04.3-b11)
# Java VM: OpenJDK 64-Bit Server VM (25.131-b11 mixed mode linux-amd64 compressed oops)
# Failed to write core dump. Core dumps have been disabled. To enable core dumping, try "ulimit -c unlimited" before starting Java again
#

---------------  T H R E A D  ---------------

Current thread (0x00007f7dbc07c800):  VMThread [stack: 0x00007f7d968f1000,0x00007f7d969f2000] [id=17758]

Stack: [0x00007f7d968f1000,0x00007f7d969f2000],  sp=0x00007f7d969f04d0,  free space=1021k
Native frames: (J=compiled Java code, j=interpreted, Vv=VM code, C=native code)
V  [libjvm.so+0xa6fa00]  VMError::report_and_die()+0x160
V  [libjvm.so+0x4c7bdc]  report_vm_out_of_memory(char const*, int, unsigned long, VMErrorType, char const*)+0xac
V  [libjvm.so+0x8be7a0]  os::pd_commit_memory(char*, unsigned long, unsigned long, bool)+0xf0
V  [libjvm.so+0x8b8e2e]  os::commit_memory(char*, unsigned long, unsigned long, bool)+0x2e
V  [libjvm.so+0x93395e]  PSVirtualSpace::expand_by(unsigned long)+0x4e
V  [libjvm.so+0x934ce3]  PSYoungGen::resize(unsigned long, unsigned long)+0x103
V  [libjvm.so+0x931333]  PSScavenge::invoke_no_policy()+0x1503
V  [libjvm.so+0x9315dc]  PSScavenge::invoke()+0x4c
V  [libjvm.so+0x8e2f53]  ParallelScavengeHeap::failed_mem_allocate(unsigned long)+0x63
V  [libjvm.so+0xa71672]  VM_ParallelGCFailedAllocation::doit()+0x92
V  [libjvm.so+0xa767e7]  VM_Operation::evaluate()+0x47
V  [libjvm.so+0xa73f77]  VMThread::evaluate_operation(VM_Operation*) [clone .constprop.30]+0xe7
V  [libjvm.so+0xa753f6]  VMThread::loop()+0x246
V  [libjvm.so+0xa758f1]  VMThread::run()+0x81
V  [libjvm.so+0x8bbd32]  java_start(Thread*)+0xf2

VM_Operation (0x00007f7d95aa7e70): ParallelGCFailedAllocation, mode: safepoint, requested by thread 0x00007f7d68002800


---------------  P R O C E S S  ---------------

Java Threads: ( => current thread )
  0x00007f7d68002800 JavaThread "restartedMain" [_thread_blocked, id=17870, stack(0x00007f7d959ab000,0x00007f7d95aac000)]
  0x00007f7dbc781000 JavaThread "Thread-0" [_thread_blocked, id=17869, stack(0x00007f7d95aac000,0x00007f7d95bad000)]
  0x00007f7dbc0c6000 JavaThread "Service Thread" daemon [_thread_blocked, id=17803, stack(0x00007f7d95e0f000,0x00007f7d95f10000)]
  0x00007f7dbc0b6800 JavaThread "C1 CompilerThread2" daemon [_thread_blocked, id=17801, stack(0x00007f7d95f10000,0x00007f7d96011000)]
  0x00007f7dbc0b5000 JavaThread "C2 CompilerThread1" daemon [_thread_blocked, id=17800, stack(0x00007f7d96011000,0x00007f7d96112000)]
  0x00007f7dbc0b2000 JavaThread "C2 CompilerThread0" daemon [_thread_blocked, id=17799, stack(0x00007f7d96112000,0x00007f7d96213000)]
  0x00007f7dbc0b0000 JavaThread "Signal Dispatcher" daemon [_thread_blocked, id=17798, stack(0x00007f7d96213000,0x00007f7d96314000)]
  0x00007f7dbc088800 JavaThread "Finalizer" daemon [_thread_blocked, id=17771, stack(0x00007f7d966ef000,0x00007f7d967f0000)]
  0x00007f7dbc084000 JavaThread "Reference Handler" daemon [_thread_blocked, id=17763, stack(0x00007f7d967f0000,0x00007f7d968f1000)]
  0x00007f7dbc00f000 JavaThread "main" [_thread_blocked, id=17734, stack(0x00007f7dc3a12000,0x00007f7dc3b13000)]

Other Threads:
=>0x00007f7dbc07c800 VMThread [stack: 0x00007f7d968f1000,0x00007f7d969f2000] [id=17758]
  0x00007f7dbc0c8800 WatcherThread [stack: 0x00007f7d95d0e000,0x00007f7d95e0f000] [id=17805]

VM state:at safepoint (normal execution)

VM Mutex/Monitor currently owned by a thread:  ([mutex/lock_event])
[0x00007f7dbc00b5a0] Threads_lock - owner thread: 0x00007f7dbc07c800
[0x00007f7dbc00baa0] Heap_lock - owner thread: 0x00007f7d68002800

Heap:
 PSYoungGen      total 132096K, used 5098K [0x00000000d7200000, 0x00000000df800000, 0x0000000100000000)
  eden space 126976K, 0% used [0x00000000d7200000,0x00000000d7200000,0x00000000dee00000)
  from space 5120K, 99% used [0x00000000dee00000,0x00000000df2fa9c8,0x00000000df300000)
  to   space 5120K, 0% used [0x00000000df300000,0x00000000df300000,0x00000000df800000)
 ParOldGen       total 52224K, used 9253K [0x0000000085600000, 0x0000000088900000, 0x00000000d7200000)
  object space 52224K, 17% used [0x0000000085600000,0x0000000085f09788,0x0000000088900000)
 Metaspace       used 26595K, capacity 27272K, committed 27520K, reserved 1073152K
  class space    used 3233K, capacity 3403K, committed 3456K, reserved 1048576K

Card table byte_map: [0x00007f7dacc2a000,0x00007f7dad000000] byte_map_base: 0x00007f7dac7ff000

Marking Bits: (ParMarkBitMap*) 0x00007f7dc2cdd2c0
 Begin Bits: [0x00007f7d9c2b0000, 0x00007f7d9e158000)
 End Bits:   [0x00007f7d9e158000, 0x00007f7da0000000)

Polling page: 0x00007f7dc3b2f000

CodeCache: size=245760Kb used=7245Kb max_used=7364Kb free=238514Kb
 bounds [0x00007f7dad000000, 0x00007f7dad750000, 0x00007f7dbc000000]
 total_blobs=2562 nmethods=2153 adapters=323
 compilation: enabled

Compilation events (10 events):
Event: 12.387 Thread 0x00007f7dbc0b6800 2333       3       org.springframework.beans.factory.support.DefaultListableBeanFactory::containsBeanDefinition (17 bytes)
Event: 12.388 Thread 0x00007f7dbc0b6800 nmethod 2333 0x00007f7dad1d1a50 code [0x00007f7dad1d1be0, 0x00007f7dad1d1f58]
Event: 12.407 Thread 0x00007f7dbc0b5000 2334       4       org.springframework.util.ConcurrentReferenceHashMap$Segment::findInChain (72 bytes)
Event: 12.426 Thread 0x00007f7dbc0b6800 2335       3       org.springframework.boot.autoconfigure.condition.SpringBootCondition::logOutcome (28 bytes)
Event: 12.426 Thread 0x00007f7dbc0b6800 nmethod 2335 0x00007f7dad1d1410 code [0x00007f7dad1d15a0, 0x00007f7dad1d1908]
Event: 12.426 Thread 0x00007f7dbc0b6800 2336       3       org.springframework.boot.autoconfigure.condition.ConditionEvaluationReport::recordConditionEvaluation (84 bytes)
Event: 12.432 Thread 0x00007f7dbc0b6800 nmethod 2336 0x00007f7dad281cd0 code [0x00007f7dad281fa0, 0x00007f7dad283088]
Event: 12.432 Thread 0x00007f7dbc0b6800 2337       3       org.springframework.boot.autoconfigure.condition.ConditionEvaluationReport$ConditionAndOutcomes::add (20 bytes)
Event: 12.432 Thread 0x00007f7dbc0b6800 nmethod 2337 0x00007f7dad243150 code [0x00007f7dad2432e0, 0x00007f7dad243648]
Event: 12.440 Thread 0x00007f7dbc0b5000 nmethod 2334 0x00007f7dad280310 code [0x00007f7dad280480, 0x00007f7dad2805f8]

GC Heap History (10 events):
Event: 3.220 GC heap after
Heap after GC invocations=1 (full 0):
 PSYoungGen      total 36864K, used 4363K [0x00000000d7200000, 0x00000000dba00000, 0x0000000100000000)
  eden space 31744K, 0% used [0x00000000d7200000,0x00000000d7200000,0x00000000d9100000)
  from space 5120K, 85% used [0x00000000d9100000,0x00000000d9542ea8,0x00000000d9600000)
  to   space 5120K, 0% used [0x00000000db500000,0x00000000db500000,0x00000000dba00000)
 ParOldGen       total 84992K, used 8K [0x0000000085600000, 0x000000008a900000, 0x00000000d7200000)
  object space 84992K, 0% used [0x0000000085600000,0x0000000085602000,0x000000008a900000)
 Metaspace       used 8095K, capacity 8402K, committed 8448K, reserved 1056768K
  class space    used 934K, capacity 1020K, committed 1024K, reserved 1048576K
}
Event: 3.859 GC heap before
{Heap before GC invocations=2 (full 0):
 PSYoungGen      total 36864K, used 36107K [0x00000000d7200000, 0x00000000dba00000, 0x0000000100000000)
  eden space 31744K, 100% used [0x00000000d7200000,0x00000000d9100000,0x00000000d9100000)
  from space 5120K, 85% used [0x00000000d9100000,0x00000000d9542ea8,0x00000000d9600000)
  to   space 5120K, 0% used [0x00000000db500000,0x00000000db500000,0x00000000dba00000)
 ParOldGen       total 84992K, used 8K [0x0000000085600000, 0x000000008a900000, 0x00000000d7200000)
  object space 84992K, 0% used [0x0000000085600000,0x0000000085602000,0x000000008a900000)
 Metaspace       used 11912K, capacity 12322K, committed 12672K, reserved 1060864K
  class space    used 1462K, capacity 1572K, committed 1664K, reserved 1048576K
Event: 3.885 GC heap after
Heap after GC invocations=2 (full 0):
 PSYoungGen      total 68608K, used 4724K [0x00000000d7200000, 0x00000000dba00000, 0x0000000100000000)
  eden space 63488K, 0% used [0x00000000d7200000,0x00000000d7200000,0x00000000db000000)
  from space 5120K, 92% used [0x00000000db500000,0x00000000db99d238,0x00000000dba00000)
  to   space 5120K, 0% used [0x00000000db000000,0x00000000db000000,0x00000000db500000)
 ParOldGen       total 84992K, used 16K [0x0000000085600000, 0x000000008a900000, 0x00000000d7200000)
  object space 84992K, 0% used [0x0000000085600000,0x0000000085604000,0x000000008a900000)
 Metaspace       used 11912K, capacity 12322K, committed 12672K, reserved 1060864K
  class space    used 1462K, capacity 1572K, committed 1664K, reserved 1048576K
}
Event: 5.211 GC heap before
{Heap before GC invocations=3 (full 0):
 PSYoungGen      total 68608K, used 68212K [0x00000000d7200000, 0x00000000dba00000, 0x0000000100000000)
  eden space 63488K, 100% used [0x00000000d7200000,0x00000000db000000,0x00000000db000000)
  from space 5120K, 92% used [0x00000000db500000,0x00000000db99d238,0x00000000dba00000)
  to   space 5120K, 0% used [0x00000000db000000,0x00000000db000000,0x00000000db500000)
 ParOldGen       total 84992K, used 16K [0x0000000085600000, 0x000000008a900000, 0x00000000d7200000)
  object space 84992K, 0% used [0x0000000085600000,0x0000000085604000,0x000000008a900000)
 Metaspace       used 19382K, capacity 19898K, committed 20224K, reserved 1067008K
  class space    used 2329K, capacity 2452K, committed 2560K, reserved 1048576K
Event: 5.226 GC heap after
Heap after GC invocations=3 (full 0):
 PSYoungGen      total 68608K, used 5097K [0x00000000d7200000, 0x00000000df800000, 0x0000000100000000)
  eden space 63488K, 0% used [0x00000000d7200000,0x00000000d7200000,0x00000000db000000)
  from space 5120K, 99% used [0x00000000db000000,0x00000000db4fa6f8,0x00000000db500000)
  to   space 5120K, 0% used [0x00000000df300000,0x00000000df300000,0x00000000df800000)
 ParOldGen       total 84992K, used 5160K [0x0000000085600000, 0x000000008a900000, 0x00000000d7200000)
  object space 84992K, 6% used [0x0000000085600000,0x0000000085b0a0c8,0x000000008a900000)
 Metaspace       used 19382K, capacity 19898K, committed 20224K, reserved 1067008K
  class space    used 2329K, capacity 2452K, committed 2560K, reserved 1048576K
}
Event: 5.486 GC heap before
{Heap before GC invocations=4 (full 0):
 PSYoungGen      total 68608K, used 22121K [0x00000000d7200000, 0x00000000df800000, 0x0000000100000000)
  eden space 63488K, 26% used [0x00000000d7200000,0x00000000d82a0038,0x00000000db000000)
  from space 5120K, 99% used [0x00000000db000000,0x00000000db4fa6f8,0x00000000db500000)
  to   space 5120K, 0% used [0x00000000df300000,0x00000000df300000,0x00000000df800000)
 ParOldGen       total 84992K, used 5160K [0x0000000085600000, 0x000000008a900000, 0x00000000d7200000)
  object space 84992K, 6% used [0x0000000085600000,0x0000000085b0a0c8,0x000000008a900000)
 Metaspace       used 20562K, capacity 21136K, committed 21296K, reserved 1069056K
  class space    used 2482K, capacity 2633K, committed 2688K, reserved 1048576K
Event: 5.515 GC heap after
Heap after GC invocations=4 (full 0):
 PSYoungGen      total 132096K, used 5108K [0x00000000d7200000, 0x00000000df800000, 0x0000000100000000)
  eden space 126976K, 0% used [0x00000000d7200000,0x00000000d7200000,0x00000000dee00000)
  from space 5120K, 99% used [0x00000000df300000,0x00000000df7fd1d0,0x00000000df800000)
  to   space 5120K, 0% used [0x00000000dee00000,0x00000000dee00000,0x00000000df300000)
 ParOldGen       total 84992K, used 6324K [0x0000000085600000, 0x000000008a900000, 0x00000000d7200000)
  object space 84992K, 7% used [0x0000000085600000,0x0000000085c2d340,0x000000008a900000)
 Metaspace       used 20562K, capacity 21136K, committed 21296K, reserved 1069056K
  class space    used 2482K, capacity 2633K, committed 2688K, reserved 1048576K
}
Event: 5.515 GC heap before
{Heap before GC invocations=5 (full 1):
 PSYoungGen      total 132096K, used 5108K [0x00000000d7200000, 0x00000000df800000, 0x0000000100000000)
  eden space 126976K, 0% used [0x00000000d7200000,0x00000000d7200000,0x00000000dee00000)
  from space 5120K, 99% used [0x00000000df300000,0x00000000df7fd1d0,0x00000000df800000)
  to   space 5120K, 0% used [0x00000000dee00000,0x00000000dee00000,0x00000000df300000)
 ParOldGen       total 84992K, used 6324K [0x0000000085600000, 0x000000008a900000, 0x00000000d7200000)
  object space 84992K, 7% used [0x0000000085600000,0x0000000085c2d340,0x000000008a900000)
 Metaspace       used 20562K, capacity 21136K, committed 21296K, reserved 1069056K
  class space    used 2482K, capacity 2633K, committed 2688K, reserved 1048576K
Event: 5.604 GC heap after
Heap after GC invocations=5 (full 1):
 PSYoungGen      total 132096K, used 0K [0x00000000d7200000, 0x00000000df800000, 0x0000000100000000)
  eden space 126976K, 0% used [0x00000000d7200000,0x00000000d7200000,0x00000000dee00000)
  from space 5120K, 0% used [0x00000000df300000,0x00000000df300000,0x00000000df800000)
  to   space 5120K, 0% used [0x00000000dee00000,0x00000000dee00000,0x00000000df300000)
 ParOldGen       total 52224K, used 6157K [0x0000000085600000, 0x0000000088900000, 0x00000000d7200000)
  object space 52224K, 11% used [0x0000000085600000,0x0000000085c034c8,0x0000000088900000)
 Metaspace       used 20562K, capacity 21136K, committed 21296K, reserved 1069056K
  class space    used 2482K, capacity 2633K, committed 2688K, reserved 1048576K
}
Event: 12.487 GC heap before
{Heap before GC invocations=6 (full 1):
 PSYoungGen      total 132096K, used 126976K [0x00000000d7200000, 0x00000000df800000, 0x0000000100000000)
  eden space 126976K, 100% used [0x00000000d7200000,0x00000000dee00000,0x00000000dee00000)
  from space 5120K, 0% used [0x00000000df300000,0x00000000df300000,0x00000000df800000)
  to   space 5120K, 0% used [0x00000000dee00000,0x00000000dee00000,0x00000000df300000)
 ParOldGen       total 52224K, used 6157K [0x0000000085600000, 0x0000000088900000, 0x00000000d7200000)
  object space 52224K, 11% used [0x0000000085600000,0x0000000085c034c8,0x0000000088900000)
 Metaspace       used 26595K, capacity 27272K, committed 27520K, reserved 1073152K
  class space    used 3233K, capacity 3403K, committed 3456K, reserved 1048576K

Deoptimization events (10 events):
Event: 5.830 Thread 0x00007f7d6c102000 Uncommon trap: reason=class_check action=maybe_recompile pc=0x00007f7dad5504cc method=kotlin.reflect.jvm.internal.impl.protobuf.CodedInputStream.tryRefillBuffer(I)Z @ 175
Event: 5.839 Thread 0x00007f7d6c102000 Uncommon trap: reason=class_check action=maybe_recompile pc=0x00007f7dad5504cc method=kotlin.reflect.jvm.internal.impl.protobuf.CodedInputStream.tryRefillBuffer(I)Z @ 175
Event: 5.839 Thread 0x00007f7d6c102000 Uncommon trap: reason=class_check action=maybe_recompile pc=0x00007f7dad5504cc method=kotlin.reflect.jvm.internal.impl.protobuf.CodedInputStream.tryRefillBuffer(I)Z @ 175
Event: 5.847 Thread 0x00007f7d6c102000 Uncommon trap: reason=class_check action=maybe_recompile pc=0x00007f7dad5504cc method=kotlin.reflect.jvm.internal.impl.protobuf.CodedInputStream.tryRefillBuffer(I)Z @ 175
Event: 6.226 Thread 0x00007f7d6c102000 Uncommon trap: reason=unstable_if action=reinterpret pc=0x00007f7dad3eb5dc method=java.lang.ThreadLocal$ThreadLocalMap.getEntry(Ljava/lang/ThreadLocal;)Ljava/lang/ThreadLocal$ThreadLocalMap$Entry; @ 29
Event: 6.857 Thread 0x00007f7d68002800 Uncommon trap: reason=unstable_if action=reinterpret pc=0x00007f7dad4c80e8 method=java.util.concurrent.ConcurrentHashMap.get(Ljava/lang/Object;)Ljava/lang/Object; @ 86
Event: 7.144 Thread 0x00007f7d68002800 Uncommon trap: reason=bimorphic action=maybe_recompile pc=0x00007f7dad133ba4 method=java.util.HashMap.putVal(ILjava/lang/Object;Ljava/lang/Object;ZZ)Ljava/lang/Object; @ 253
Event: 7.147 Thread 0x00007f7d68002800 Uncommon trap: reason=bimorphic action=maybe_recompile pc=0x00007f7dad133ba4 method=java.util.HashMap.putVal(ILjava/lang/Object;Ljava/lang/Object;ZZ)Ljava/lang/Object; @ 253
Event: 7.185 Thread 0x00007f7d68002800 Uncommon trap: reason=unstable_if action=reinterpret pc=0x00007f7dad22d6b8 method=java.lang.AbstractStringBuilder.append(Ljava/lang/String;)Ljava/lang/AbstractStringBuilder; @ 1
Event: 7.185 Thread 0x00007f7d68002800 Uncommon trap: reason=unstable_if action=reinterpret pc=0x00007f7dad222648 method=java.lang.AbstractStringBuilder.append(Ljava/lang/String;)Ljava/lang/AbstractStringBuilder; @ 1

Internal exceptions (10 events):
Event: 4.864 Thread 0x00007f7d68002800 Exception <a 'java/lang/ClassNotFoundException': org/springframework/beans/factory/support/BeanDefinitionRegistryPostProcessorCustomizer> (0x00000000d9f6e4e0) thrown at [/build/openjdk-8-ugc2Ph/openjdk-8-8u131-b11/src/hotspot/src/share/vm/classfile/system
Event: 4.865 Thread 0x00007f7d68002800 Exception <a 'java/lang/ClassNotFoundException': org/springframework/core/PriorityOrderedCustomizer> (0x00000000d9f85940) thrown at [/build/openjdk-8-ugc2Ph/openjdk-8-8u131-b11/src/hotspot/src/share/vm/classfile/systemDictionary.cpp, line 210]
Event: 4.866 Thread 0x00007f7d68002800 Exception <a 'java/lang/ClassNotFoundException': org/springframework/context/ResourceLoaderAwareCustomizer> (0x00000000d9f9e898) thrown at [/build/openjdk-8-ugc2Ph/openjdk-8-8u131-b11/src/hotspot/src/share/vm/classfile/systemDictionary.cpp, line 210]
Event: 4.867 Thread 0x00007f7d68002800 Exception <a 'java/lang/ClassNotFoundException': org/springframework/beans/factory/BeanClassLoaderAwareCustomizer> (0x00000000d9fba9b0) thrown at [/build/openjdk-8-ugc2Ph/openjdk-8-8u131-b11/src/hotspot/src/share/vm/classfile/systemDictionary.cpp, line 21
Event: 4.870 Thread 0x00007f7d68002800 Exception <a 'java/lang/ClassNotFoundException': org/springframework/context/EnvironmentAwareCustomizer> (0x00000000d9fd39c8) thrown at [/build/openjdk-8-ugc2Ph/openjdk-8-8u131-b11/src/hotspot/src/share/vm/classfile/systemDictionary.cpp, line 210]
Event: 4.886 Thread 0x00007f7d68002800 Exception <a 'java/lang/NoClassDefFoundError': org/reactivestreams/Publisher> (0x00000000da0ddab8) thrown at [/build/openjdk-8-ugc2Ph/openjdk-8-8u131-b11/src/hotspot/src/share/vm/classfile/systemDictionary.cpp, line 199]
Event: 4.893 Thread 0x00007f7d68002800 Exception <a 'java/lang/NoClassDefFoundError': rx/Observable> (0x00000000da0eefb8) thrown at [/build/openjdk-8-ugc2Ph/openjdk-8-8u131-b11/src/hotspot/src/share/vm/classfile/systemDictionary.cpp, line 199]
Event: 4.893 Thread 0x00007f7d68002800 Exception <a 'java/lang/NoClassDefFoundError': org/reactivestreams/Publisher> (0x00000000da102bc0) thrown at [/build/openjdk-8-ugc2Ph/openjdk-8-8u131-b11/src/hotspot/src/share/vm/classfile/systemDictionary.cpp, line 199]
Event: 7.185 Thread 0x00007f7d68002800 Implicit null exception at 0x00007f7dad22d2f5 to 0x00007f7dad22d6a5
Event: 7.185 Thread 0x00007f7d68002800 Implicit null exception at 0x00007f7dad222276 to 0x00007f7dad222631

Events (10 events):
Event: 12.407 loading class org/mybatis/spring/mapper/MapperFactoryBean done
Event: 12.413 loading class org/mybatis/spring/support/SqlSessionDaoSupport
Event: 12.413 loading class org/mybatis/spring/support/SqlSessionDaoSupport done
Event: 12.413 loading class org/springframework/dao/support/DaoSupport
Event: 12.413 loading class org/springframework/dao/support/DaoSupport done
Event: 12.426 loading class org/mybatis/spring/boot/autoconfigure/MybatisAutoConfiguration
Event: 12.426 loading class org/mybatis/spring/boot/autoconfigure/MybatisAutoConfiguration done
Event: 12.431 loading class org/mybatis/spring/mapper/ClassPathMapperScanner
Event: 12.431 loading class org/mybatis/spring/mapper/ClassPathMapperScanner done
Event: 12.449 Executing VM operation: ParallelGCFailedAllocation


Dynamic libraries:
85600000-88900000 rw-p 00000000 00:00 0 
88900000-d7200000 ---p 00000000 00:00 0 
d7200000-df800000 rw-p 00000000 00:00 0 
e5380000-100000000 ---p 00000000 00:00 0 
100000000-100360000 rw-p 00000000 00:00 0 
100360000-140000000 ---p 00000000 00:00 0 
558db43ae000-558db43af000 r-xp 00000000 08:02 7867062                    /usr/lib/jvm/java-8-openjdk-amd64/jre/bin/java
558db45ae000-558db45af000 r--p 00000000 08:02 7867062                    /usr/lib/jvm/java-8-openjdk-amd64/jre/bin/java
558db45af000-558db45b0000 rw-p 00001000 08:02 7867062                    /usr/lib/jvm/java-8-openjdk-amd64/jre/bin/java
558db5ea9000-558db5eca000 rw-p 00000000 00:00 0                          [heap]
7f7d58000000-7f7d58029000 rw-p 00000000 00:00 0 
7f7d58029000-7f7d5c000000 ---p 00000000 00:00 0 
7f7d60000000-7f7d60556000 rw-p 00000000 00:00 0 
7f7d60556000-7f7d64000000 ---p 00000000 00:00 0 
7f7d64beb000-7f7d64d6b000 rw-p 00000000 00:00 0 
7f7d64d6b000-7f7d64deb000 ---p 00000000 00:00 0 
7f7d64fff000-7f7d68000000 rw-p 00000000 00:00 0 
7f7d68000000-7f7d68021000 rw-p 00000000 00:00 0 
7f7d68021000-7f7d6c000000 ---p 00000000 00:00 0 
7f7d6c000000-7f7d6c4dd000 rw-p 00000000 00:00 0 
7f7d6c4dd000-7f7d70000000 ---p 00000000 00:00 0 
7f7d70000000-7f7d70021000 rw-p 00000000 00:00 0 
7f7d70021000-7f7d74000000 ---p 00000000 00:00 0 
7f7d74000000-7f7d74021000 rw-p 00000000 00:00 0 
7f7d74021000-7f7d78000000 ---p 00000000 00:00 0 
7f7d78000000-7f7d797db000 rw-p 00000000 00:00 0 
7f7d797db000-7f7d7c000000 ---p 00000000 00:00 0 
7f7d7c000000-7f7d7d57c000 rw-p 00000000 00:00 0 
7f7d7d57c000-7f7d80000000 ---p 00000000 00:00 0 
7f7d80000000-7f7d80021000 rw-p 00000000 00:00 0 
7f7d80021000-7f7d84000000 ---p 00000000 00:00 0 
7f7d84000000-7f7d855a7000 rw-p 00000000 00:00 0 
7f7d855a7000-7f7d88000000 ---p 00000000 00:00 0 
7f7d88000000-7f7d88021000 rw-p 00000000 00:00 0 
7f7d88021000-7f7d8c000000 ---p 00000000 00:00 0 
7f7d8c000000-7f7d8c021000 rw-p 00000000 00:00 0 
7f7d8c021000-7f7d90000000 ---p 00000000 00:00 0 
7f7d90000000-7f7d90277000 rw-p 00000000 00:00 0 
7f7d90277000-7f7d94000000 ---p 00000000 00:00 0 
7f7d94374000-7f7d94574000 rw-p 00000000 00:00 0 
7f7d94574000-7f7d94577000 ---p 00000000 00:00 0 
7f7d94577000-7f7d94875000 rw-p 00000000 00:00 0 
7f7d94875000-7f7d94886000 r-xp 00000000 08:02 7867101                    /usr/lib/jvm/java-8-openjdk-amd64/jre/lib/amd64/libnio.so
7f7d94886000-7f7d94a86000 ---p 00011000 08:02 7867101                    /usr/lib/jvm/java-8-openjdk-amd64/jre/lib/amd64/libnio.so
7f7d94a86000-7f7d94a87000 r--p 00011000 08:02 7867101                    /usr/lib/jvm/java-8-openjdk-amd64/jre/lib/amd64/libnio.so
7f7d94a87000-7f7d94a88000 rw-p 00012000 08:02 7867101                    /usr/lib/jvm/java-8-openjdk-amd64/jre/lib/amd64/libnio.so
7f7d94a88000-7f7d94c88000 rw-p 00000000 00:00 0 
7f7d94c88000-7f7d94e88000 rw-p 00000000 00:00 0 
7f7d94e88000-7f7d95088000 rw-p 00000000 00:00 0 
7f7d95088000-7f7d95288000 rw-p 00000000 00:00 0 
7f7d95288000-7f7d9528b000 ---p 00000000 00:00 0 
7f7d9528b000-7f7d95389000 rw-p 00000000 00:00 0 
7f7d95389000-7f7d953a0000 r-xp 00000000 08:02 7867100                    /usr/lib/jvm/java-8-openjdk-amd64/jre/lib/amd64/libnet.so
7f7d953a0000-7f7d9559f000 ---p 00017000 08:02 7867100                    /usr/lib/jvm/java-8-openjdk-amd64/jre/lib/amd64/libnet.so
7f7d9559f000-7f7d955a0000 r--p 00016000 08:02 7867100                    /usr/lib/jvm/java-8-openjdk-amd64/jre/lib/amd64/libnet.so
7f7d955a0000-7f7d955a1000 rw-p 00017000 08:02 7867100                    /usr/lib/jvm/java-8-openjdk-amd64/jre/lib/amd64/libnet.so
7f7d955a1000-7f7d955aa000 r-xp 00000000 08:02 7867098                    /usr/lib/jvm/java-8-openjdk-amd64/jre/lib/amd64/libmanagement.so
7f7d955aa000-7f7d957a9000 ---p 00009000 08:02 7867098                    /usr/lib/jvm/java-8-openjdk-amd64/jre/lib/amd64/libmanagement.so
7f7d957a9000-7f7d957aa000 r--p 00008000 08:02 7867098                    /usr/lib/jvm/java-8-openjdk-amd64/jre/lib/amd64/libmanagement.so
7f7d957aa000-7f7d957ab000 rw-p 00009000 08:02 7867098                    /usr/lib/jvm/java-8-openjdk-amd64/jre/lib/amd64/libmanagement.so
7f7d957ab000-7f7d959ab000 rw-p 00000000 00:00 0 
7f7d959ab000-7f7d959ae000 ---p 00000000 00:00 0 
7f7d959ae000-7f7d95aac000 rw-p 00000000 00:00 0 
7f7d95aac000-7f7d95aaf000 ---p 00000000 00:00 0 
7f7d95aaf000-7f7d95bad000 rw-p 00000000 00:00 0 
7f7d95bad000-7f7d95bb4000 r--s 00000000 08:02 8001654                    /usr/lib/x86_64-linux-gnu/gconv/gconv-modules.cache
7f7d95bb4000-7f7d95bd9000 r--p 00000000 08:02 9706081                    /usr/share/locale-langpack/ja/LC_MESSAGES/libc.mo
7f7d95bd9000-7f7d95be4000 r--s 00069000 08:02 2236032                    /home/snicmakino/.gradle/caches/modules-2/files-2.1/ch.qos.logback/logback-core/1.2.3/864344400c3d4d92dfeb0a305dc87d953677c03c/logback-core-1.2.3.jar
7f7d95be4000-7f7d95bec000 r--s 00035000 08:02 2236015                    /home/snicmakino/.gradle/caches/modules-2/files-2.1/org.springframework/spring-tx/5.0.0.RC3/43e7598eba66c34ca7727dd0971d68e7cdc241d0/spring-tx-5.0.0.RC3.jar
7f7d95bec000-7f7d95bee000 r--s 00009000 08:02 2232109                    /home/snicmakino/.gradle/caches/modules-2/files-2.1/org.slf4j/slf4j-api/1.7.25/da76ca59f6a57ee3102f8f9bd9cee742973efa8a/slf4j-api-1.7.25.jar
7f7d95bee000-7f7d95bf2000 r--s 0004a000 08:02 2236031                    /home/snicmakino/.gradle/caches/modules-2/files-2.1/com.fasterxml.jackson.core/jackson-core/2.9.0.pr4/565544a9badb22e546e23bd07765e30fa2cb1065/jackson-core-2.9.0.pr4.jar
7f7d95bf2000-7f7d95bf5000 r--s 0000e000 08:02 2236030                    /home/snicmakino/.gradle/caches/modules-2/files-2.1/com.fasterxml.jackson.core/jackson-annotations/2.9.0.pr4/66cdc0083e48897453c4b4f69860315c0e6618b/jackson-annotations-2.9.0.pr4.jar
7f7d95bf5000-7f7d95bf6000 r--s 00003000 08:02 2234642                    /home/snicmakino/.gradle/caches/modules-2/files-2.1/org.springframework/spring-jcl/5.0.0.RC3/c53c3be2136bc4258b1b72dc45271b9ebd050198/spring-jcl-5.0.0.RC3.jar
7f7d95bf6000-7f7d95bf8000 r--s 00004000 08:02 2236029                    /home/snicmakino/.gradle/caches/modules-2/files-2.1/org.slf4j/log4j-over-slf4j/1.7.25/a87bb47468f47ee7aabbd54f93e133d4215769c3/log4j-over-slf4j-1.7.25.jar
7f7d95bf8000-7f7d95bfa000 r--s 00000000 08:02 2236028                    /home/snicmakino/.gradle/caches/modules-2/files-2.1/org.slf4j/jul-to-slf4j/1.7.25/af5364cd6679bfffb114f0dec8a157aaa283b76/jul-to-slf4j-1.7.25.jar
7f7d95bfa000-7f7d95c00000 r--s 00041000 08:02 2236027                    /home/snicmakino/.gradle/caches/modules-2/files-2.1/ch.qos.logback/logback-classic/1.2.3/7c4f3c474fb2c041d8028740440937705ebb473a/logback-classic-1.2.3.jar
7f7d95c00000-7f7d95c02000 r--s 00003000 08:02 2230529                    /home/snicmakino/.gradle/caches/modules-2/files-2.1/org.jetbrains/annotations/13.0/919f0dfe192fb4e063e7dacadee7f8bb9a2672a9/annotations-13.0.jar
7f7d95c02000-7f7d95c0c000 r--s 00056000 08:02 2236003                    /home/snicmakino/.gradle/caches/modules-2/files-2.1/org.springframework/spring-jdbc/5.0.0.RC3/929aff2bcb7963398edd794c98c79a457fcce0a6/spring-jdbc-5.0.0.RC3.jar
7f7d95c0c000-7f7d95c0f000 r--s 0001e000 08:02 2236002                    /home/snicmakino/.gradle/caches/modules-2/files-2.1/com.zaxxer/HikariCP/2.6.3/b692d6402d093c746e460482010ebd63cabc031f/HikariCP-2.6.3.jar
7f7d95c0f000-7f7d95c11000 r--s 00009000 08:02 2232387                    /home/snicmakino/.gradle/caches/modules-2/files-2.1/org.jboss.spec.javax.websocket/jboss-websocket-api_1.1_spec/1.1.0.Final/a89cc6c8f15c06aed6fe81482e168248ad7c76d3/jboss-websocket-api_1.1_spec-1.1.0.Final.jar
7f7d95c11000-7f7d95c12000 r--s 00004000 08:02 2232386                    /home/snicmakino/.gradle/caches/modules-2/files-2.1/org.jboss.spec.javax.annotation/jboss-annotations-api_1.2_spec/1.0.0.Final/6d7ff02a645227876ed550900d32d618b8f0d556/jboss-annotations-api_1.2_spec-1.0.0.Final.jar
7f7d95c12000-7f7d95c14000 r--s 0001b000 08:02 2232385                    /home/snicmakino/.gradle/caches/modules-2/files-2.1/org.jboss.xnio/xnio-nio/3.3.8.Final/8dafaf230666e526c53e544ab6a9d6ecfcbab4ee/xnio-nio-3.3.8.Final.jar
7f7d95c14000-7f7d95c1d000 r--s 00076000 08:02 2232384                    /home/snicmakino/.gradle/caches/modules-2/files-2.1/org.jboss.xnio/xnio-api/3.3.8.Final/7942ba8330c91a12006c912e040d25a77a58c525/xnio-api-3.3.8.Final.jar
7f7d95c1d000-7f7d95c22000 r--s 0003c000 08:02 2236026                    /home/snicmakino/.gradle/caches/modules-2/files-2.1/org.springframework/spring-expression/5.0.0.RC3/705673b5898e1d937da90727dfc29dc2adbc6f0c/spring-expression-5.0.0.RC3.jar
7f7d95c22000-7f7d95c3c000 r--s 000eb000 08:02 2236014                    /home/snicmakino/.gradle/caches/modules-2/files-2.1/org.springframework/spring-context/5.0.0.RC3/3c2aa62a33a0d07467e79ad732c9fea0c89dc4d9/spring-context-5.0.0.RC3.jar
7f7d95c3c000-7f7d95c45000 r--s 0004f000 08:02 2236000                    /home/snicmakino/.gradle/caches/modules-2/files-2.1/org.springframework/spring-aop/5.0.0.RC3/5e66ddf2db74da31c78cbd0d6d1ee4df486400bc/spring-aop-5.0.0.RC3.jar
7f7d95c45000-7f7d95c51000 r--s 00094000 08:02 2236016                    /home/snicmakino/.gradle/caches/modules-2/files-2.1/org.springframework/spring-beans/5.0.0.RC3/64092fa31a5578e4b809955850b6124faa02abca/spring-beans-5.0.0.RC3.jar
7f7d95c51000-7f7d95c53000 r--s 0000e000 08:02 2236009                    /home/snicmakino/.gradle/caches/modules-2/files-2.1/com.fasterxml/classmate/1.3.3/864c8e370a691e343210cc7c532fc198cee460d8/classmate-1.3.3.jar
7f7d95c53000-7f7d95c56000 r--s 0000e000 08:02 2236004                    /home/snicmakino/.gradle/caches/modules-2/files-2.1/org.jboss.logging/jboss-logging/3.3.1.Final/c46217ab74b532568c0ed31dc599db3048bd1b67/jboss-logging-3.3.1.Final.jar
7f7d95c56000-7f7d95c5a000 r--s 0000c000 08:02 2236025                    /home/snicmakino/.gradle/caches/modules-2/files-2.1/javax.validation/validation-api/1.1.0.Final/8613ae82954779d518631e05daa73a6a954817d5/validation-api-1.1.0.Final.jar
7f7d95c5a000-7f7d95c60000 r--s 00037000 08:02 2236024                    /home/snicmakino/.gradle/caches/modules-2/files-2.1/org.apache.tomcat.embed/tomcat-embed-websocket/8.5.16/8df572a6fa38c24a6366ab254b9bde496ed5ea95/tomcat-embed-websocket-8.5.16.jar
7f7d95c60000-7f7d95c65000 r--s 00036000 08:02 2236023                    /home/snicmakino/.gradle/caches/modules-2/files-2.1/org.apache.tomcat.embed/tomcat-embed-el/8.5.16/d8d33b26d42c3857c6d2a566dd842d2308582020/tomcat-embed-el-8.5.16.jar
7f7d95c65000-7f7d95c8e000 r--s 002c2000 08:02 2236022                    /home/snicmakino/.gradle/caches/modules-2/files-2.1/org.apache.tomcat.embed/tomcat-embed-core/8.5.16/1318c2a44de53b692cb42021dc3d9a2a185e65a4/tomcat-embed-core-8.5.16.jar
7f7d95c8e000-7f7d95c90000 r--s 00009000 08:02 2236021                    /home/snicmakino/.gradle/caches/modules-2/files-2.1/com.fasterxml.jackson.module/jackson-module-kotlin/2.9.0.pr4/ae40556517ed01452ca25413d2b5523226423bf9/jackson-module-kotlin-2.9.0.pr4.jar
7f7d95c90000-7f7d95c92000 r--s 00001000 08:02 2236020                    /home/snicmakino/.gradle/caches/modules-2/files-2.1/com.fasterxml.jackson.module/jackson-module-parameter-names/2.9.0.pr4/c36981bc765830a646f8f0b40f6c8b8a1c43dbcd/jackson-module-parameter-names-2.9.0.pr4.jar
7f7d95c92000-7f7d95c95000 r--s 00014000 08:02 2236019                    /home/snicmakino/.gradle/caches/modules-2/files-2.1/com.fasterxml.jackson.datatype/jackson-datatype-jsr310/2.9.0.pr4/eea6bb98126327c34a17c705eb2bd6065fa1c182/jackson-datatype-jsr310-2.9.0.pr4.jar
7f7d95c95000-7f7d95c97000 r--s 00005000 08:02 2236018                    /home/snicmakino/.gradle/caches/modules-2/files-2.1/com.fasterxml.jackson.datatype/jackson-datatype-jdk8/2.9.0.pr4/f601732017f592c6cdf566b0f91debee7f9afe5f/jackson-datatype-jdk8-2.9.0.pr4.jar
7f7d95c97000-7f7d95ca9000 r--s 00132000 08:02 2236017                    /home/snicmakino/.gradle/caches/modules-2/files-2.1/com.fasterxml.jackson.core/jackson-databind/2.9.0.pr4/e96baca7953374a502eb995d3901cad7580d3741/jackson-databind-2.9.0.pr4.jar
7f7d95ca9000-7f7d95cb0000 r--s 0003f000 08:02 2235999                    /home/snicmakino/.gradle/caches/modules-2/files-2.1/org.yaml/snakeyaml/1.18/e4a441249ade301985cb8d009d4e4a72b85bf68e/snakeyaml-1.18.jar
7f7d95cb0000-7f7d95cc8000 r--s 0010d000 08:02 2234641                    /home/snicmakino/.gradle/caches/modules-2/files-2.1/org.springframework/spring-core/5.0.0.RC3/592266b28ff736d5bc983c3b24e9f888d06833d7/spring-core-5.0.0.RC3.jar
7f7d95cc8000-7f7d95cc9000 r--s 00000000 08:02 2235998                    /home/snicmakino/.gradle/caches/modules-2/files-2.1/org.springframework.boot/spring-boot-starter-logging/2.0.0.M3/fe34bc88f853b888cdb201f350a5d2ce1a0b7df1/spring-boot-starter-logging-2.0.0.M3.jar
7f7d95cc9000-7f7d95ceb000 r--s 000f4000 08:02 2235997                    /home/snicmakino/.gradle/caches/modules-2/files-2.1/org.springframework.boot/spring-boot-autoconfigure/2.0.0.M3/e81d9ec401145306d0ae39e72f423b35f146f62b/spring-boot-autoconfigure-2.0.0.M3.jar
7f7d95ceb000-7f7d95cfd000 r--s 000ac000 08:02 2235996                    /home/snicmakino/.gradle/caches/modules-2/files-2.1/org.springframework.boot/spring-boot/2.0.0.M3/5b6a0aaa1ca6c95252accf73a2cac0e6542baefb/spring-boot-2.0.0.M3.jar
7f7d95cfd000-7f7d95d0c000 r--s 000c9000 08:02 2233536                    /home/snicmakino/.gradle/caches/modules-2/files-2.1/org.jetbrains.kotlin/kotlin-stdlib/1.1.4-3/7f07ece855a7d40d5ef430218593e92282ae2a74/kotlin-stdlib-1.1.4-3.jar
7f7d95d0c000-7f7d95d0e000 r--s 0000c000 08:02 2232522                    /home/snicmakino/.gradle/caches/modules-2/files-2.1/org.mybatis/mybatis-spring/1.3.1/5197169e15a43066f177a1cd12a098e1283fdc76/mybatis-spring-1.3.1.jar
7f7d95d0e000-7f7d95d0f000 ---p 00000000 00:00 0 
7f7d95d0f000-7f7d95e0f000 rw-p 00000000 00:00 0 
7f7d95e0f000-7f7d95e12000 ---p 00000000 00:00 0 
7f7d95e12000-7f7d95f10000 rw-p 00000000 00:00 0 
7f7d95f10000-7f7d95f13000 ---p 00000000 00:00 0 
7f7d95f13000-7f7d96011000 rw-p 00000000 00:00 0 
7f7d96011000-7f7d96014000 ---p 00000000 00:00 0 
7f7d96014000-7f7d96112000 rw-p 00000000 00:00 0 
7f7d96112000-7f7d96115000 ---p 00000000 00:00 0 
7f7d96115000-7f7d96213000 rw-p 00000000 00:00 0 
7f7d96213000-7f7d96216000 ---p 00000000 00:00 0 
7f7d96216000-7f7d96314000 rw-p 00000000 00:00 0 
7f7d96314000-7f7d966ef000 r--p 00000000 08:02 7606930                    /usr/lib/locale/locale-archive
7f7d966ef000-7f7d966f2000 ---p 00000000 00:00 0 
7f7d966f2000-7f7d967f0000 rw-p 00000000 00:00 0 
7f7d967f0000-7f7d967f3000 ---p 00000000 00:00 0 
7f7d967f3000-7f7d968f1000 rw-p 00000000 00:00 0 
7f7d968f1000-7f7d968f2000 ---p 00000000 00:00 0 
7f7d968f2000-7f7d98000000 rw-p 00000000 00:00 0 
7f7d98000000-7f7d98021000 rw-p 00000000 00:00 0 
7f7d98021000-7f7d9c000000 ---p 00000000 00:00 0 
7f7d9c000000-7f7d9c001000 r--s 00000000 08:02 2233597                    /home/snicmakino/.gradle/caches/modules-2/files-2.1/org.jetbrains.kotlin/kotlin-stdlib-jre7/1.1.4-3/e8c9cbfa33a3015fcc7581fe6a60a355bf7cd92c/kotlin-stdlib-jre7-1.1.4-3.jar
7f7d9c001000-7f7d9c01b000 r--s 00173000 08:02 2232521                    /home/snicmakino/.gradle/caches/modules-2/files-2.1/org.mybatis/mybatis/3.4.5/5200759b13f70652995fd206a52fdc98b01c65cd/mybatis-3.4.5.jar
7f7d9c01b000-7f7d9c01c000 r--s 00003000 08:02 2232520                    /home/snicmakino/.gradle/caches/modules-2/files-2.1/org.mybatis.spring.boot/mybatis-spring-boot-autoconfigure/1.3.1/af4ba7d4594459cbad87cb5561c271da26df3aa/mybatis-spring-boot-autoconfigure-1.3.1.jar
7f7d9c01c000-7f7d9c01d000 r--s 00000000 08:02 2235986                    /home/snicmakino/.gradle/caches/modules-2/files-2.1/org.springframework.boot/spring-boot-starter-jdbc/2.0.0.M3/c594749d44313c93f14ba015315cecfc73e8d106/spring-boot-starter-jdbc-2.0.0.M3.jar
7f7d9c01d000-7f7d9c021000 r--s 00033000 08:02 2232380                    /home/snicmakino/.gradle/caches/modules-2/files-2.1/org.glassfish/javax.el/3.0.0/dd532526e7c8de48e40419e6af1183658a973379/javax.el-3.0.0.jar
7f7d9c021000-7f7d9c024000 r--s 00015000 08:02 2232379                    /home/snicmakino/.gradle/caches/modules-2/files-2.1/javax.servlet/javax.servlet-api/3.1.0/3cd63d075497751784b2fa84be59432f4905bf7c/javax.servlet-api-3.1.0.jar
7f7d9c024000-7f7d9c027000 r--s 00026000 08:02 2232378                    /home/snicmakino/.gradle/caches/modules-2/files-2.1/io.undertow/undertow-websockets-jsr/1.4.18.Final/855789da056c350cc49a8bffc53700bc76908a45/undertow-websockets-jsr-1.4.18.Final.jar
7f7d9c027000-7f7d9c031000 r--s 00074000 08:02 2232377                    /home/snicmakino/.gradle/caches/modules-2/files-2.1/io.undertow/undertow-servlet/1.4.18.Final/11ac729595695c97aba3bf774a711d71782ba46b/undertow-servlet-1.4.18.Final.jar
7f7d9c031000-7f7d9c058000 r--s 001e5000 08:02 2232376                    /home/snicmakino/.gradle/caches/modules-2/files-2.1/io.undertow/undertow-core/1.4.18.Final/42201e7be4b824bee6221ef87f47a7b49d2b988c/undertow-core-1.4.18.Final.jar
7f7d9c058000-7f7d9c068000 r--s 000af000 08:02 2235995                    /home/snicmakino/.gradle/caches/modules-2/files-2.1/org.springframework/spring-webmvc/5.0.0.RC3/a384908e784b8add8c6818298b9c412e913fe655/spring-webmvc-5.0.0.RC3.jar
7f7d9c068000-7f7d9c082000 r--s 0010d000 08:02 2235994                    /home/snicmakino/.gradle/caches/modules-2/files-2.1/org.springframework/spring-web/5.0.0.RC3/c91f05b509e2bb02beaee5aa56c28700faa74a4a/spring-web-5.0.0.RC3.jar
7f7d9c082000-7f7d9c094000 r--s 000a9000 08:02 2235993                    /home/snicmakino/.gradle/caches/modules-2/files-2.1/org.hibernate/hibernate-validator/5.4.1.Final/fc71e53520e1030d278f682b796c88265b94c699/hibernate-validator-5.4.1.Final.jar
7f7d9c094000-7f7d9c0c7000 r--s 00222000 08:02 2235981                    /home/snicmakino/.gradle/caches/modules-2/files-2.1/org.jetbrains.kotlin/kotlin-reflect/1.1.4-3/9994f843b30b9d6f4b39b742ffb8637eb86d08d8/kotlin-reflect-1.1.4-3.jar
7f7d9c0c7000-7f7d9c0e2000 r--s 00394000 08:02 7867122                    /usr/lib/jvm/java-8-openjdk-amd64/jre/lib/ext/cldrdata.jar
7f7d9c0e2000-7f7d9c2b0000 r--s 03c13000 08:02 7867151                    /usr/lib/jvm/java-8-openjdk-amd64/jre/lib/rt.jar
7f7d9c2b0000-7f7da0000000 rw-p 00000000 00:00 0 
7f7da0000000-7f7da0021000 rw-p 00000000 00:00 0 
7f7da0021000-7f7da4000000 ---p 00000000 00:00 0 
7f7da4000000-7f7da4021000 rw-p 00000000 00:00 0 
7f7da4021000-7f7da8000000 ---p 00000000 00:00 0 
7f7da8000000-7f7da8021000 rw-p 00000000 00:00 0 
7f7da8021000-7f7dac000000 ---p 00000000 00:00 0 
7f7dac000000-7f7dac008000 r--s 000a7000 08:02 2232400                    /home/snicmakino/.gradle/caches/modules-2/files-2.1/org.postgresql/postgresql/42.1.3/3cdf827324001b02105aa38f56ca45535ef1d138/postgresql-42.1.3.jar
7f7dac008000-7f7dac00e000 r--s 0002c000 08:02 2236061                    /home/snicmakino/.gradle/caches/modules-2/files-2.1/org.springframework.boot/spring-boot-devtools/2.0.0.M3/d235e4c112cc585116f17aa0c308ac13a2b27364/spring-boot-devtools-2.0.0.M3.jar
7f7dac00e000-7f7dac017000 r--s 00058000 08:02 2235977                    /home/snicmakino/.gradle/caches/modules-2/files-2.1/org.flywaydb/flyway-core/4.2.0/1cbe078e49e81ef13b5eafd54552feac0a55c19e/flyway-core-4.2.0.jar
7f7dac017000-7f7dac032000 r--s 001d6000 08:02 7867127                    /usr/lib/jvm/java-8-openjdk-amd64/jre/lib/ext/nashorn.jar
7f7dac032000-7f7dac598000 rw-p 00000000 00:00 0 
7f7dac598000-7f7dac599000 ---p 00000000 00:00 0 
7f7dac599000-7f7dac699000 rw-p 00000000 00:00 0 
7f7dac699000-7f7dac69a000 ---p 00000000 00:00 0 
7f7dac69a000-7f7dac79a000 rw-p 00000000 00:00 0 
7f7dac79a000-7f7dac79b000 ---p 00000000 00:00 0 
7f7dac79b000-7f7dac89b000 rw-p 00000000 00:00 0 
7f7dac89b000-7f7dac89c000 ---p 00000000 00:00 0 
7f7dac89c000-7f7dac9b6000 rw-p 00000000 00:00 0 
7f7dac9b6000-7f7dacc2a000 ---p 00000000 00:00 0 
7f7dacc2a000-7f7dacc44000 rw-p 00000000 00:00 0 
7f7dacc44000-7f7daceb8000 ---p 00000000 00:00 0 
7f7daceb8000-7f7dacefb000 rw-p 00000000 00:00 0 
7f7dacefb000-7f7dacfff000 ---p 00000000 00:00 0 
7f7dacfff000-7f7dad000000 rw-p 00000000 00:00 0 
7f7dad000000-7f7dad750000 rwxp 00000000 00:00 0 
7f7dad750000-7f7dbc000000 ---p 00000000 00:00 0 
7f7dbc000000-7f7dbc787000 rw-p 00000000 00:00 0 
7f7dbc787000-7f7dc0000000 ---p 00000000 00:00 0 
7f7dc0000000-7f7dc0001000 r--s 00000000 08:02 2235992                    /home/snicmakino/.gradle/caches/modules-2/files-2.1/org.springframework.boot/spring-boot-starter-tomcat/2.0.0.M3/feddaf11cd727f6a765c5f37a8307e0e3e5ff72a/spring-boot-starter-tomcat-2.0.0.M3.jar
7f7dc0001000-7f7dc0002000 r--s 00000000 08:02 2235991                    /home/snicmakino/.gradle/caches/modules-2/files-2.1/org.springframework.boot/spring-boot-starter-json/2.0.0.M3/a32bfe0359043d10627f85c07a71b8118810a1c9/spring-boot-starter-json-2.0.0.M3.jar
7f7dc0002000-7f7dc0003000 r--s 00000000 08:02 2235982                    /home/snicmakino/.gradle/caches/modules-2/files-2.1/org.springframework.boot/spring-boot-starter/2.0.0.M3/a4090261aaede823d6e3cbe85d18d2197418b57a/spring-boot-starter-2.0.0.M3.jar
7f7dc0003000-7f7dc00d9000 rw-p 00000000 00:00 0 
7f7dc00d9000-7f7dc047b000 ---p 00000000 00:00 0 
7f7dc047b000-7f7dc0483000 r-xp 00000000 08:02 7867108                    /usr/lib/jvm/java-8-openjdk-amd64/jre/lib/amd64/libzip.so
7f7dc0483000-7f7dc0682000 ---p 00008000 08:02 7867108                    /usr/lib/jvm/java-8-openjdk-amd64/jre/lib/amd64/libzip.so
7f7dc0682000-7f7dc0683000 r--p 00007000 08:02 7867108                    /usr/lib/jvm/java-8-openjdk-amd64/jre/lib/amd64/libzip.so
7f7dc0683000-7f7dc0684000 rw-p 00008000 08:02 7867108                    /usr/lib/jvm/java-8-openjdk-amd64/jre/lib/amd64/libzip.so
7f7dc0684000-7f7dc068f000 r-xp 00000000 08:02 11141212                   /lib/x86_64-linux-gnu/libnss_files-2.24.so
7f7dc068f000-7f7dc088e000 ---p 0000b000 08:02 11141212                   /lib/x86_64-linux-gnu/libnss_files-2.24.so
7f7dc088e000-7f7dc088f000 r--p 0000a000 08:02 11141212                   /lib/x86_64-linux-gnu/libnss_files-2.24.so
7f7dc088f000-7f7dc0890000 rw-p 0000b000 08:02 11141212                   /lib/x86_64-linux-gnu/libnss_files-2.24.so
7f7dc0890000-7f7dc0896000 rw-p 00000000 00:00 0 
7f7dc0896000-7f7dc08a1000 r-xp 00000000 08:02 11141214                   /lib/x86_64-linux-gnu/libnss_nis-2.24.so
7f7dc08a1000-7f7dc0aa0000 ---p 0000b000 08:02 11141214                   /lib/x86_64-linux-gnu/libnss_nis-2.24.so
7f7dc0aa0000-7f7dc0aa1000 r--p 0000a000 08:02 11141214                   /lib/x86_64-linux-gnu/libnss_nis-2.24.so
7f7dc0aa1000-7f7dc0aa2000 rw-p 0000b000 08:02 11141214                   /lib/x86_64-linux-gnu/libnss_nis-2.24.so
7f7dc0aa2000-7f7dc0ab8000 r-xp 00000000 08:02 11141209                   /lib/x86_64-linux-gnu/libnsl-2.24.so
7f7dc0ab8000-7f7dc0cb7000 ---p 00016000 08:02 11141209                   /lib/x86_64-linux-gnu/libnsl-2.24.so
7f7dc0cb7000-7f7dc0cb8000 r--p 00015000 08:02 11141209                   /lib/x86_64-linux-gnu/libnsl-2.24.so
7f7dc0cb8000-7f7dc0cb9000 rw-p 00016000 08:02 11141209                   /lib/x86_64-linux-gnu/libnsl-2.24.so
7f7dc0cb9000-7f7dc0cbb000 rw-p 00000000 00:00 0 
7f7dc0cbb000-7f7dc0cc3000 r-xp 00000000 08:02 11141210                   /lib/x86_64-linux-gnu/libnss_compat-2.24.so
7f7dc0cc3000-7f7dc0ec2000 ---p 00008000 08:02 11141210                   /lib/x86_64-linux-gnu/libnss_compat-2.24.so
7f7dc0ec2000-7f7dc0ec3000 r--p 00007000 08:02 11141210                   /lib/x86_64-linux-gnu/libnss_compat-2.24.so
7f7dc0ec3000-7f7dc0ec4000 rw-p 00008000 08:02 11141210                   /lib/x86_64-linux-gnu/libnss_compat-2.24.so
7f7dc0ec4000-7f7dc0ef1000 r-xp 00000000 08:02 7867089                    /usr/lib/jvm/java-8-openjdk-amd64/jre/lib/amd64/libjava.so
7f7dc0ef1000-7f7dc10f0000 ---p 0002d000 08:02 7867089                    /usr/lib/jvm/java-8-openjdk-amd64/jre/lib/amd64/libjava.so
7f7dc10f0000-7f7dc10f1000 r--p 0002c000 08:02 7867089                    /usr/lib/jvm/java-8-openjdk-amd64/jre/lib/amd64/libjava.so
7f7dc10f1000-7f7dc10f3000 rw-p 0002d000 08:02 7867089                    /usr/lib/jvm/java-8-openjdk-amd64/jre/lib/amd64/libjava.so
7f7dc10f3000-7f7dc1102000 r-xp 00000000 08:02 7867107                    /usr/lib/jvm/java-8-openjdk-amd64/jre/lib/amd64/libverify.so
7f7dc1102000-7f7dc1302000 ---p 0000f000 08:02 7867107                    /usr/lib/jvm/java-8-openjdk-amd64/jre/lib/amd64/libverify.so
7f7dc1302000-7f7dc1304000 r--p 0000f000 08:02 7867107                    /usr/lib/jvm/java-8-openjdk-amd64/jre/lib/amd64/libverify.so
7f7dc1304000-7f7dc1305000 rw-p 00011000 08:02 7867107                    /usr/lib/jvm/java-8-openjdk-amd64/jre/lib/amd64/libverify.so
7f7dc1305000-7f7dc130c000 r-xp 00000000 08:02 11145642                   /lib/x86_64-linux-gnu/librt-2.24.so
7f7dc130c000-7f7dc150b000 ---p 00007000 08:02 11145642                   /lib/x86_64-linux-gnu/librt-2.24.so
7f7dc150b000-7f7dc150c000 r--p 00006000 08:02 11145642                   /lib/x86_64-linux-gnu/librt-2.24.so
7f7dc150c000-7f7dc150d000 rw-p 00007000 08:02 11145642                   /lib/x86_64-linux-gnu/librt-2.24.so
7f7dc150d000-7f7dc1523000 r-xp 00000000 08:02 11145728                   /lib/x86_64-linux-gnu/libgcc_s.so.1
7f7dc1523000-7f7dc1722000 ---p 00016000 08:02 11145728                   /lib/x86_64-linux-gnu/libgcc_s.so.1
7f7dc1722000-7f7dc1723000 r--p 00015000 08:02 11145728                   /lib/x86_64-linux-gnu/libgcc_s.so.1
7f7dc1723000-7f7dc1724000 rw-p 00016000 08:02 11145728                   /lib/x86_64-linux-gnu/libgcc_s.so.1
7f7dc1724000-7f7dc182c000 r-xp 00000000 08:02 11141206                   /lib/x86_64-linux-gnu/libm-2.24.so
7f7dc182c000-7f7dc1a2b000 ---p 00108000 08:02 11141206                   /lib/x86_64-linux-gnu/libm-2.24.so
7f7dc1a2b000-7f7dc1a2c000 r--p 00107000 08:02 11141206                   /lib/x86_64-linux-gnu/libm-2.24.so
7f7dc1a2c000-7f7dc1a2d000 rw-p 00108000 08:02 11141206                   /lib/x86_64-linux-gnu/libm-2.24.so
7f7dc1a2d000-7f7dc1ba6000 r-xp 00000000 08:02 7611735                    /usr/lib/x86_64-linux-gnu/libstdc++.so.6.0.22
7f7dc1ba6000-7f7dc1da5000 ---p 00179000 08:02 7611735                    /usr/lib/x86_64-linux-gnu/libstdc++.so.6.0.22
7f7dc1da5000-7f7dc1daf000 r--p 00178000 08:02 7611735                    /usr/lib/x86_64-linux-gnu/libstdc++.so.6.0.22
7f7dc1daf000-7f7dc1db1000 rw-p 00182000 08:02 7611735                    /usr/lib/x86_64-linux-gnu/libstdc++.so.6.0.22
7f7dc1db1000-7f7dc1db5000 rw-p 00000000 00:00 0 
7f7dc1db5000-7f7dc2a0f000 r-xp 00000000 08:02 7867111                    /usr/lib/jvm/java-8-openjdk-amd64/jre/lib/amd64/server/libjvm.so
7f7dc2a0f000-7f7dc2c0e000 ---p 00c5a000 08:02 7867111                    /usr/lib/jvm/java-8-openjdk-amd64/jre/lib/amd64/server/libjvm.so
7f7dc2c0e000-7f7dc2ca1000 r--p 00c59000 08:02 7867111                    /usr/lib/jvm/java-8-openjdk-amd64/jre/lib/amd64/server/libjvm.so
7f7dc2ca1000-7f7dc2cca000 rw-p 00cec000 08:02 7867111                    /usr/lib/jvm/java-8-openjdk-amd64/jre/lib/amd64/server/libjvm.so
7f7dc2cca000-7f7dc2cfa000 rw-p 00000000 00:00 0 
7f7dc2cfa000-7f7dc2d12000 r-xp 00000000 08:02 11145588                   /lib/x86_64-linux-gnu/libpthread-2.24.so
7f7dc2d12000-7f7dc2f12000 ---p 00018000 08:02 11145588                   /lib/x86_64-linux-gnu/libpthread-2.24.so
7f7dc2f12000-7f7dc2f13000 r--p 00018000 08:02 11145588                   /lib/x86_64-linux-gnu/libpthread-2.24.so
7f7dc2f13000-7f7dc2f14000 rw-p 00019000 08:02 11145588                   /lib/x86_64-linux-gnu/libpthread-2.24.so
7f7dc2f14000-7f7dc2f18000 rw-p 00000000 00:00 0 
7f7dc2f18000-7f7dc2f1b000 r-xp 00000000 08:02 11141205                   /lib/x86_64-linux-gnu/libdl-2.24.so
7f7dc2f1b000-7f7dc311a000 ---p 00003000 08:02 11141205                   /lib/x86_64-linux-gnu/libdl-2.24.so
7f7dc311a000-7f7dc311b000 r--p 00002000 08:02 11141205                   /lib/x86_64-linux-gnu/libdl-2.24.so
7f7dc311b000-7f7dc311c000 rw-p 00003000 08:02 11141205                   /lib/x86_64-linux-gnu/libdl-2.24.so
7f7dc311c000-7f7dc3137000 r-xp 00000000 08:02 11145871                   /lib/x86_64-linux-gnu/libz.so.1.2.11
7f7dc3137000-7f7dc3336000 ---p 0001b000 08:02 11145871                   /lib/x86_64-linux-gnu/libz.so.1.2.11
7f7dc3336000-7f7dc3337000 r--p 0001a000 08:02 11145871                   /lib/x86_64-linux-gnu/libz.so.1.2.11
7f7dc3337000-7f7dc3338000 rw-p 0001b000 08:02 11145871                   /lib/x86_64-linux-gnu/libz.so.1.2.11
7f7dc3338000-7f7dc34f6000 r-xp 00000000 08:02 11141202                   /lib/x86_64-linux-gnu/libc-2.24.so
7f7dc34f6000-7f7dc36f5000 ---p 001be000 08:02 11141202                   /lib/x86_64-linux-gnu/libc-2.24.so
7f7dc36f5000-7f7dc36f9000 r--p 001bd000 08:02 11141202                   /lib/x86_64-linux-gnu/libc-2.24.so
7f7dc36f9000-7f7dc36fb000 rw-p 001c1000 08:02 11141202                   /lib/x86_64-linux-gnu/libc-2.24.so
7f7dc36fb000-7f7dc36ff000 rw-p 00000000 00:00 0 
7f7dc36ff000-7f7dc370c000 r-xp 00000000 08:02 7867075                    /usr/lib/jvm/java-8-openjdk-amd64/jre/lib/amd64/jli/libjli.so
7f7dc370c000-7f7dc390c000 ---p 0000d000 08:02 7867075                    /usr/lib/jvm/java-8-openjdk-amd64/jre/lib/amd64/jli/libjli.so
7f7dc390c000-7f7dc390d000 r--p 0000d000 08:02 7867075                    /usr/lib/jvm/java-8-openjdk-amd64/jre/lib/amd64/jli/libjli.so
7f7dc390d000-7f7dc390e000 rw-p 0000e000 08:02 7867075                    /usr/lib/jvm/java-8-openjdk-amd64/jre/lib/amd64/jli/libjli.so
7f7dc390e000-7f7dc3934000 r-xp 00000000 08:02 11141135                   /lib/x86_64-linux-gnu/ld-2.24.so
7f7dc3934000-7f7dc3935000 r--s 00002000 08:02 2233596                    /home/snicmakino/.gradle/caches/modules-2/files-2.1/org.jetbrains.kotlin/kotlin-stdlib-jre8/1.1.4-3/3a4fbf3d403d15b42df34c00d36276f360e39040/kotlin-stdlib-jre8-1.1.4-3.jar
7f7dc3935000-7f7dc3936000 r--s 00000000 08:02 2232519                    /home/snicmakino/.gradle/caches/modules-2/files-2.1/org.mybatis.spring.boot/mybatis-spring-boot-starter/1.3.1/f67bd22f518df4b56e6647c90692529af4715a10/mybatis-spring-boot-starter-1.3.1.jar
7f7dc3936000-7f7dc3937000 r--s 00000000 08:02 2232374                    /home/snicmakino/.gradle/caches/modules-2/files-2.1/org.springframework.boot/spring-boot-starter-undertow/2.0.0.M3/d53977ceb7b12ac26c27b99cd3878e8e07c6cdff/spring-boot-starter-undertow-2.0.0.M3.jar
7f7dc3937000-7f7dc3938000 r--s 00000000 08:02 2235979                    /home/snicmakino/.gradle/caches/modules-2/files-2.1/org.springframework.boot/spring-boot-starter-web/2.0.0.M3/d952968c238f47740c5eb645b71dd5c4b88e699d/spring-boot-starter-web-2.0.0.M3.jar
7f7dc3938000-7f7dc393d000 r--s 0003b000 08:02 7867129                    /usr/lib/jvm/java-8-openjdk-amd64/jre/lib/ext/sunjce_provider.jar
7f7dc393d000-7f7dc3947000 r--s 00116000 08:02 7867126                    /usr/lib/jvm/java-8-openjdk-amd64/jre/lib/ext/localedata.jar
7f7dc3947000-7f7dc3a12000 rw-p 00000000 00:00 0 
7f7dc3a12000-7f7dc3a15000 ---p 00000000 00:00 0 
7f7dc3a15000-7f7dc3b17000 rw-p 00000000 00:00 0 
7f7dc3b17000-7f7dc3b19000 r--s 00008000 08:02 7867128                    /usr/lib/jvm/java-8-openjdk-amd64/jre/lib/ext/sunec.jar
7f7dc3b19000-7f7dc3b1c000 r--s 0000f000 08:02 7867124                    /usr/lib/jvm/java-8-openjdk-amd64/jre/lib/ext/icedtea-sound.jar
7f7dc3b1c000-7f7dc3b1d000 r--s 0000a000 08:02 7867125                    /usr/lib/jvm/java-8-openjdk-amd64/jre/lib/ext/jaccess.jar
7f7dc3b1d000-7f7dc3b1e000 r--s 00010000 08:02 7867131                    /usr/lib/jvm/java-8-openjdk-amd64/jre/lib/ext/zipfs.jar
7f7dc3b1e000-7f7dc3b22000 r--s 00037000 08:02 7867130                    /usr/lib/jvm/java-8-openjdk-amd64/jre/lib/ext/sunpkcs11.jar
7f7dc3b22000-7f7dc3b24000 r--s 00001000 08:02 7867123                    /usr/lib/jvm/java-8-openjdk-amd64/jre/lib/ext/dnsns.jar
7f7dc3b24000-7f7dc3b26000 r--s 00007000 08:02 8270523                    /usr/share/java/java-atk-wrapper.jar
7f7dc3b26000-7f7dc3b2e000 rw-s 00000000 08:02 2237157                    /tmp/hsperfdata_snicmakino/17728
7f7dc3b2e000-7f7dc3b2f000 rw-p 00000000 00:00 0 
7f7dc3b2f000-7f7dc3b30000 ---p 00000000 00:00 0 
7f7dc3b30000-7f7dc3b33000 rw-p 00000000 00:00 0 
7f7dc3b33000-7f7dc3b34000 r--p 00025000 08:02 11141135                   /lib/x86_64-linux-gnu/ld-2.24.so
7f7dc3b34000-7f7dc3b35000 rw-p 00026000 08:02 11141135                   /lib/x86_64-linux-gnu/ld-2.24.so
7f7dc3b35000-7f7dc3b36000 rw-p 00000000 00:00 0 
7fff6c898000-7fff6c8bc000 rw-p 00000000 00:00 0                          [stack]
7fff6c996000-7fff6c998000 r--p 00000000 00:00 0                          [vvar]
7fff6c998000-7fff6c99a000 r-xp 00000000 00:00 0                          [vdso]
ffffffffff600000-ffffffffff601000 r-xp 00000000 00:00 0                  [vsyscall]

VM Arguments:
jvm_args: -Dfile.encoding=UTF-8 -Duser.country=JP -Duser.language=ja -Duser.variant 
java_command: jp.snicmakino.librarian.LibrarianApplicationKt
java_class_path (initial): /home/snicmakino/IdeaProjects/librarian/build/classes/main:/home/snicmakino/IdeaProjects/librarian/build/resources/main:/home/snicmakino/.gradle/caches/modules-2/files-2.1/org.springframework.boot/spring-boot-starter-web/2.0.0.M3/d952968c238f47740c5eb645b71dd5c4b88e699d/spring-boot-starter-web-2.0.0.M3.jar:/home/snicmakino/.gradle/caches/modules-2/files-2.1/org.springframework.boot/spring-boot-starter-undertow/2.0.0.M3/d53977ceb7b12ac26c27b99cd3878e8e07c6cdff/spring-boot-starter-undertow-2.0.0.M3.jar:/home/snicmakino/.gradle/caches/modules-2/files-2.1/org.mybatis.spring.boot/mybatis-spring-boot-starter/1.3.1/f67bd22f518df4b56e6647c90692529af4715a10/mybatis-spring-boot-starter-1.3.1.jar:/home/snicmakino/.gradle/caches/modules-2/files-2.1/org.flywaydb/flyway-core/4.2.0/1cbe078e49e81ef13b5eafd54552feac0a55c19e/flyway-core-4.2.0.jar:/home/snicmakino/.gradle/caches/modules-2/files-2.1/org.jetbrains.kotlin/kotlin-stdlib-jre8/1.1.4-3/3a4fbf3d403d15b42df34c00d36276f360e39040/kotlin-stdlib-jre8-1.1.4-3.jar:/home/snicmakino/.gradle/caches/modules-2/files-2.1/org.jetbrains.kotlin/kotlin-reflect/1.1.4-3/9994f843b30b9d6f4b39b742ffb8637eb86d08d8/kotlin-reflect-1.1.4-3.jar:/home/snicmakino/.gradle/caches/modules-2/files-2.1/org.springframework.boot/spring-boot-devtools/2.0.0.M3/d235e4c112cc585116f17aa0c308ac13a2b27364/spring-boot-devtools-2.0.0.M3.jar:/home/snicmakino/.gradle/caches/modules-2/files-2.1/org.postgresql/postgresql/42.1.3/3cdf827324001b02105aa38f56ca45535ef1d138/postgresql-42.1.3.jar:/home/snicmakino/.gradle/caches/modules-2/files-2.1/org.springframework.boot/spring-boot-starter/2.0.0.M3/a4090261aaede823d6e3cbe85d18d2197418b57a/spring-boot-starter-2.0.0.M3.jar:/home/snicmakino/.gradle/caches/modules-2/files-2.1/org.springframework.boot/spring-boot-starter-json/2.0.0.M3/a32bfe0359043d10627f85c07a71b8118810a1c9/spring-boot-starter-json-2.0.0.M3.jar:/home/snicmakino/.gradle/caches/modules-2/files-2.1/org.springframework.boot/spring-boot-start
Launcher Type: SUN_STANDARD

Environment Variables:
PATH=/home/snicmakino/.cargo/bin:/home/snicmakino/.local/share/umake/bin:/home/snicmakino/.local/share/umake/nodejs/nodejs-lang/bin:/home/snicmakino/.npm_modules/bin:/home/snicmakino/.cargo/bin:/home/snicmakino/.local/share/umake/bin:/home/snicmakino/.local/share/umake/nodejs/nodejs-lang/bin:/home/snicmakino/.npm_modules/bin:/usr/local/sbin:/usr/local/bin:/usr/sbin:/usr/bin:/sbin:/bin:/usr/games:/usr/local/games:/snap/bin:/snap/bin
USERNAME=snicmakino
LD_LIBRARY_PATH=/home/snicmakino/.local/share/umake/ide/idea-ultimate/bin:
SHELL=/bin/bash
DISPLAY=:0

Signal Handlers:
SIGSEGV: [libjvm.so+0xa70490], sa_mask[0]=11111111011111111101111111111110, sa_flags=SA_RESTART|SA_SIGINFO
SIGBUS: [libjvm.so+0xa70490], sa_mask[0]=11111111011111111101111111111110, sa_flags=SA_RESTART|SA_SIGINFO
SIGFPE: [libjvm.so+0x8b9fc0], sa_mask[0]=11111111011111111101111111111110, sa_flags=SA_RESTART|SA_SIGINFO
SIGPIPE: [libjvm.so+0x8b9fc0], sa_mask[0]=11111111011111111101111111111110, sa_flags=SA_RESTART|SA_SIGINFO
SIGXFSZ: [libjvm.so+0x8b9fc0], sa_mask[0]=11111111011111111101111111111110, sa_flags=SA_RESTART|SA_SIGINFO
SIGILL: [libjvm.so+0x8b9fc0], sa_mask[0]=11111111011111111101111111111110, sa_flags=SA_RESTART|SA_SIGINFO
SIGUSR1: SIG_DFL, sa_mask[0]=00000000000000000000000000000000, sa_flags=none
SIGUSR2: [libjvm.so+0x8b9e70], sa_mask[0]=00100000000000000000000000000000, sa_flags=SA_RESTART|SA_SIGINFO
SIGHUP: [libjvm.so+0x8ba320], sa_mask[0]=11111111011111111101111111111110, sa_flags=SA_RESTART|SA_SIGINFO
SIGINT: [libjvm.so+0x8ba320], sa_mask[0]=11111111011111111101111111111110, sa_flags=SA_RESTART|SA_SIGINFO
SIGTERM: [libjvm.so+0x8ba320], sa_mask[0]=11111111011111111101111111111110, sa_flags=SA_RESTART|SA_SIGINFO
SIGQUIT: [libjvm.so+0x8ba320], sa_mask[0]=11111111011111111101111111111110, sa_flags=SA_RESTART|SA_SIGINFO


---------------  S Y S T E M  ---------------

OS:DISTRIB_ID=Ubuntu
DISTRIB_RELEASE=17.04
DISTRIB_CODENAME=zesty
DISTRIB_DESCRIPTION="Ubuntu 17.04"

uname:Linux 4.10.0-33-generic #37-Ubuntu SMP Fri Aug 11 10:55:28 UTC 2017 x86_64
libc:glibc 2.24 NPTL 2.24 
rlimit: STACK 8192k, CORE 0k, NPROC 30609, NOFILE 1048576, AS infinity
load average:7.16 2.62 1.67

/proc/meminfo:
MemTotal:        8029172 kB
MemFree:          118912 kB
MemAvailable:      37380 kB
Buffers:             936 kB
Cached:           785560 kB
SwapCached:         1756 kB
Active:          6464772 kB
Inactive:         980184 kB
Active(anon):    6445248 kB
Inactive(anon):   959324 kB
Active(file):      19524 kB
Inactive(file):    20860 kB
Unevictable:         272 kB
Mlocked:             272 kB
SwapTotal:       2097148 kB
SwapFree:              4 kB
Dirty:               132 kB
Writeback:             0 kB
AnonPages:       6657580 kB
Mapped:           378856 kB
Shmem:            745560 kB
Slab:             198924 kB
SReclaimable:      72408 kB
SUnreclaim:       126516 kB
KernelStack:       26120 kB
PageTables:       130636 kB
NFS_Unstable:          0 kB
Bounce:                0 kB
WritebackTmp:          0 kB
CommitLimit:     6111732 kB
Committed_AS:   24200116 kB
VmallocTotal:   34359738367 kB
VmallocUsed:           0 kB
VmallocChunk:          0 kB
HardwareCorrupted:     0 kB
AnonHugePages:   1378304 kB
ShmemHugePages:        0 kB
ShmemPmdMapped:        0 kB
CmaTotal:              0 kB
CmaFree:               0 kB
HugePages_Total:       0
HugePages_Free:        0
HugePages_Rsvd:        0
HugePages_Surp:        0
Hugepagesize:       2048 kB
DirectMap4k:      362344 kB
DirectMap2M:     7882752 kB
DirectMap1G:     1048576 kB


CPU:total 4 (initial active 4) (2 cores per cpu, 2 threads per core) family 6 model 78 stepping 3, cmov, cx8, fxsr, mmx, sse, sse2, sse3, ssse3, sse4.1, sse4.2, popcnt, avx, avx2, aes, clmul, erms, 3dnowpref, lzcnt, ht, tsc, tscinvbit, bmi1, bmi2, adx

/proc/cpuinfo:
processor	: 0
vendor_id	: GenuineIntel
cpu family	: 6
model		: 78
model name	: Intel(R) Core(TM) i5-6200U CPU @ 2.30GHz
stepping	: 3
microcode	: 0x9e
cpu MHz		: 2591.455
cache size	: 3072 KB
physical id	: 0
siblings	: 4
core id		: 0
cpu cores	: 2
apicid		: 0
initial apicid	: 0
fpu		: yes
fpu_exception	: yes
cpuid level	: 22
wp		: yes
flags		: fpu vme de pse tsc msr pae mce cx8 apic sep mtrr pge mca cmov pat pse36 clflush dts acpi mmx fxsr sse sse2 ss ht tm pbe syscall nx pdpe1gb rdtscp lm constant_tsc art arch_perfmon pebs bts rep_good nopl xtopology nonstop_tsc aperfmperf tsc_known_freq pni pclmulqdq dtes64 monitor ds_cpl vmx est tm2 ssse3 sdbg fma cx16 xtpr pdcm pcid sse4_1 sse4_2 x2apic movbe popcnt tsc_deadline_timer aes xsave avx f16c rdrand lahf_lm abm 3dnowprefetch epb intel_pt tpr_shadow vnmi flexpriority ept vpid fsgsbase tsc_adjust bmi1 avx2 smep bmi2 erms invpcid mpx rdseed adx smap clflushopt xsaveopt xsavec xgetbv1 xsaves dtherm ida arat pln pts hwp hwp_notify hwp_act_window hwp_epp
bugs		:
bogomips	: 4800.00
clflush size	: 64
cache_alignment	: 64
address sizes	: 39 bits physical, 48 bits virtual
power management:

processor	: 1
vendor_id	: GenuineIntel
cpu family	: 6
model		: 78
model name	: Intel(R) Core(TM) i5-6200U CPU @ 2.30GHz
stepping	: 3
microcode	: 0x9e
cpu MHz		: 2375.683
cache size	: 3072 KB
physical id	: 0
siblings	: 4
core id		: 1
cpu cores	: 2
apicid		: 2
initial apicid	: 2
fpu		: yes
fpu_exception	: yes
cpuid level	: 22
wp		: yes
flags		: fpu vme de pse tsc msr pae mce cx8 apic sep mtrr pge mca cmov pat pse36 clflush dts acpi mmx fxsr sse sse2 ss ht tm pbe syscall nx pdpe1gb rdtscp lm constant_tsc art arch_perfmon pebs bts rep_good nopl xtopology nonstop_tsc aperfmperf tsc_known_freq pni pclmulqdq dtes64 monitor ds_cpl vmx est tm2 ssse3 sdbg fma cx16 xtpr pdcm pcid sse4_1 sse4_2 x2apic movbe popcnt tsc_deadline_timer aes xsave avx f16c rdrand lahf_lm abm 3dnowprefetch epb intel_pt tpr_shadow vnmi flexpriority ept vpid fsgsbase tsc_adjust bmi1 avx2 smep bmi2 erms invpcid mpx rdseed adx smap clflushopt xsaveopt xsavec xgetbv1 xsaves dtherm ida arat pln pts hwp hwp_notify hwp_act_window hwp_epp
bugs		:
bogomips	: 4800.00
clflush size	: 64
cache_alignment	: 64
address sizes	: 39 bits physical, 48 bits virtual
power management:

processor	: 2
vendor_id	: GenuineIntel
cpu family	: 6
model		: 78
model name	: Intel(R) Core(TM) i5-6200U CPU @ 2.30GHz
stepping	: 3
microcode	: 0x9e
cpu MHz		: 2685.498
cache size	: 3072 KB
physical id	: 0
siblings	: 4
core id		: 0
cpu cores	: 2
apicid		: 1
initial apicid	: 1
fpu		: yes
fpu_exception	: yes
cpuid level	: 22
wp		: yes
flags		: fpu vme de pse tsc msr pae mce cx8 apic sep mtrr pge mca cmov pat pse36 clflush dts acpi mmx fxsr sse sse2 ss ht tm pbe syscall nx pdpe1gb rdtscp lm constant_tsc art arch_perfmon pebs bts rep_good nopl xtopology nonstop_tsc aperfmperf tsc_known_freq pni pclmulqdq dtes64 monitor ds_cpl vmx est tm2 ssse3 sdbg fma cx16 xtpr pdcm pcid sse4_1 sse4_2 x2apic movbe popcnt tsc_deadline_timer aes xsave avx f16c rdrand lahf_lm abm 3dnowprefetch epb intel_pt tpr_shadow vnmi flexpriority ept vpid fsgsbase tsc_adjust bmi1 avx2 smep bmi2 erms invpcid mpx rdseed adx smap clflushopt xsaveopt xsavec xgetbv1 xsaves dtherm ida arat pln pts hwp hwp_notify hwp_act_window hwp_epp
bugs		:
bogomips	: 4800.00
clflush size	: 64
cache_alignment	: 64
address sizes	: 39 bits physical, 48 bits virtual
power management:

processor	: 3
vendor_id	: GenuineIntel
cpu family	: 6
model		: 78
model name	: Intel(R) Core(TM) i5-6200U CPU @ 2.30GHz
stepping	: 3
microcode	: 0x9e
cpu MHz		: 1485.205
cache size	: 3072 KB
physical id	: 0
siblings	: 4
core id		: 1
cpu cores	: 2
apicid		: 3
initial apicid	: 3
fpu		: yes
fpu_exception	: yes
cpuid level	: 22
wp		: yes
flags		: fpu vme de pse tsc msr pae mce cx8 apic sep mtrr pge mca cmov pat pse36 clflush dts acpi mmx fxsr sse sse2 ss ht tm pbe syscall nx pdpe1gb rdtscp lm constant_tsc art arch_perfmon pebs bts rep_good nopl xtopology nonstop_tsc aperfmperf tsc_known_freq pni pclmulqdq dtes64 monitor ds_cpl vmx est tm2 ssse3 sdbg fma cx16 xtpr pdcm pcid sse4_1 sse4_2 x2apic movbe popcnt tsc_deadline_timer aes xsave avx f16c rdrand lahf_lm abm 3dnowprefetch epb intel_pt tpr_shadow vnmi flexpriority ept vpid fsgsbase tsc_adjust bmi1 avx2 smep bmi2 erms invpcid mpx rdseed adx smap clflushopt xsaveopt xsavec xgetbv1 xsaves dtherm ida arat pln pts hwp hwp_notify hwp_act_window hwp_epp
bugs		:
bogomips	: 4800.00
clflush size	: 64
cache_alignment	: 64
address sizes	: 39 bits physical, 48 bits virtual
power management:



Memory: 4k page, physical 8029172k(118588k free), swap 2097148k(8k free)

vm_info: OpenJDK 64-Bit Server VM (25.131-b11) for linux-amd64 JRE (1.8.0_131-8u131-b11-2ubuntu1.17.04.3-b11), built on Jul 27 2017 21:26:44 by "buildd" with gcc 6.3.0 20170406

time: Wed Sep 20 03:02:17 2017
elapsed time: 14 seconds (0d 0h 0m 14s)

